<?xml version="1.0" encoding="utf-8"?><testsuites name="pytest tests"><testsuite name="pytest" errors="0" failures="0" skipped="0" tests="24" time="7.381" timestamp="2026-09-24T15:19:40.602668+01:00" hostname="273cc549572f"><testcase classname="tests.test_acceptance" name="test_authentication_and_docs" time="0.372" /><testcase classname="tests.test_acceptance" name="test_product_two_citations" time="0.468" /><testcase classname="tests.test_acceptance" name="test_sync_subagents" time="0.280" /><testcase classname="tests.test_acceptance" name="test_status_uses_tool" time="0.238" /><testcase classname="tests.test_acceptance" name="test_takeover_ticket" time="0.327" /><testcase classname="tests.test_acceptance" name="test_cross_account_orders_and_claims" time="0.676" /><testcase classname="tests.test_acceptance" name="test_owned_order_and_unverified_user" time="0.339" /><testcase classname="tests.test_acceptance" name="test_unknown_one_question" time="0.305" /><testcase classname="tests.test_acceptance" name="test_timeout_does_not_crash" time="0.295" /><testcase classname="tests.test_acceptance" name="test_multiturn_thread_and_switch_users" time="0.338" /><testcase classname="tests.test_acceptance" name="test_secret_never_persisted_or_traced" time="0.395" /><testcase classname="tests.test_acceptance" name="test_protected_admin_endpoints" time="0.547" /><testcase classname="tests.test_acceptance" name="test_filters_and_latest_official" time="0.270" /><testcase classname="tests.test_acceptance" name="test_safe_validation_no_input_echo" time="0.173" /><testcase classname="tests.test_acceptance" name="test_trace_nesting" time="0.195" /><testcase classname="tests.test_acceptance" name="test_persistence_across_restart" time="0.456" /><testcase classname="tests.test_acceptance" name="test_monitoring_failure_is_nonfatal" time="0.200" /><testcase classname="tests.test_acceptance" name="test_retrieval_failure_safe_fallback" time="0.191" /><testcase classname="tests.test_acceptance" name="test_invalid_model_excerpt_rejected" time="0.202" /><testcase classname="tests.test_acceptance" name="test_ticket_failure_no_false_success" time="0.214" /><testcase classname="tests.test_acceptance" name="test_tampered_and_expired_tokens" time="0.373" /><testcase classname="tests.test_acceptance" name="test_ticket_cross_thread_and_feedback" time="0.237" /><testcase classname="tests.test_acceptance" name="test_document_cannot_persist_labeled_secret" time="0.179" /><testcase classname="tests.test_acceptance" name="test_example_signing_secret_is_rejected" time="0.002" /></testsuite></testsuites>